2024-02-21 08:52:38.419 [info] Log level: Info
2024-02-21 08:52:38.419 [info] Validating found git in: "git"
2024-02-21 08:52:38.419 [info] Using git "2.34.1" from "git"
2024-02-21 08:52:38.419 [info] > git rev-parse --show-toplevel [17ms]
2024-02-21 08:52:38.419 [info] > git rev-parse --git-dir --git-common-dir [13ms]
2024-02-21 08:52:38.419 [info] Open repository: /home/student/Css-Assignment
2024-02-21 08:52:38.571 [info] > git rev-parse --show-toplevel [57ms]
2024-02-21 08:52:38.577 [info] > git config --get commit.template [101ms]
2024-02-21 08:52:38.638 [info] > git for-each-ref --format=%(refname)%00%(upstream:short)%00%(objectname)%00%(upstream:track)%00%(upstream:remotename)%00%(upstream:remoteref) refs/heads/master refs/remotes/master [16ms]
2024-02-21 08:52:38.727 [info] > git status -z -uall [57ms]
2024-02-21 08:52:38.826 [info] > git show --textconv :index.html [100ms]
2024-02-21 08:52:38.846 [info] > git config --get commit.template [21ms]
2024-02-21 08:52:38.846 [info] > git ls-files --stage -- /home/student/Css-Assignment/index.html [79ms]
2024-02-21 08:52:38.908 [info] > git cat-file -s e6d3f519ce68c9ff635ab0cb9b7f4169f82435ad [20ms]
2024-02-21 08:52:39.051 [info] > git check-ignore -v -z --stdin [2ms]
2024-02-21 08:52:39.052 [info] > git for-each-ref --format=%(refname)%00%(upstream:short)%00%(objectname)%00%(upstream:track)%00%(upstream:remotename)%00%(upstream:remoteref) refs/heads/master refs/remotes/master [95ms]
2024-02-21 08:52:39.115 [info] > git status -z -uall [7ms]
2024-02-21 11:13:12.684 [info] > git show --textconv :style.css [7ms]
2024-02-21 11:13:12.686 [info] > git ls-files --stage -- /home/student/Css-Assignment/style.css [3ms]
2024-02-21 11:13:12.694 [info] > git cat-file -s d33fb04d82c14ec830670b34a3a441872da3c3bc [2ms]
2024-02-21 11:40:42.564 [info] > git show --textconv :index.html [7ms]
2024-02-21 11:40:42.565 [info] > git ls-files --stage -- /home/student/Css-Assignment/index.html [2ms]
2024-02-21 11:40:42.572 [info] > git cat-file -s e6d3f519ce68c9ff635ab0cb9b7f4169f82435ad [2ms]
2024-02-21 13:41:34.938 [info] > git show --textconv :style.css [7ms]
2024-02-21 13:41:34.939 [info] > git ls-files --stage -- /home/student/Css-Assignment/style.css [1ms]
2024-02-21 13:41:34.947 [info] > git cat-file -s d33fb04d82c14ec830670b34a3a441872da3c3bc [2ms]
