2024-02-21 22:41:11.358 [info] Log level: Info
2024-02-21 22:41:11.358 [info] Validating found git in: "git"
2024-02-21 22:41:11.358 [info] Using git "2.34.1" from "git"
2024-02-21 22:41:11.358 [info] > git rev-parse --show-toplevel [138ms]
2024-02-21 22:41:11.358 [info] fatal: not a git repository (or any of the parent directories): .git
2024-02-21 22:41:11.358 [info] > git rev-parse --show-toplevel [19ms]
2024-02-21 22:41:11.358 [info] fatal: not a git repository (or any of the parent directories): .git
2024-02-21 22:41:11.405 [info] > git rev-parse --show-toplevel [2ms]
2024-02-21 22:41:11.405 [info] fatal: not a git repository (or any of the parent directories): .git
2024-02-21 22:41:11.426 [info] > git rev-parse --show-toplevel [4ms]
2024-02-21 22:41:11.426 [info] fatal: not a git repository (or any of the parent directories): .git
2024-02-21 22:41:12.051 [info] > git rev-parse --show-toplevel [4ms]
2024-02-21 22:41:12.051 [info] fatal: not a git repository (or any of the parent directories): .git
2024-02-21 22:42:10.064 [info] > git rev-parse --show-toplevel [1ms]
2024-02-21 22:42:10.064 [info] fatal: not a git repository (or any of the parent directories): .git
2024-02-21 22:42:23.855 [info] > git rev-parse --show-toplevel [1ms]
2024-02-21 22:42:23.855 [info] fatal: not a git repository (or any of the parent directories): .git
2024-02-21 22:43:45.839 [info] > git rev-parse --show-toplevel [1ms]
2024-02-21 22:43:45.839 [info] fatal: not a git repository (or any of the parent directories): .git
2024-02-21 22:46:04.280 [info] > git rev-parse --show-toplevel [1ms]
2024-02-21 22:46:04.280 [info] fatal: not a git repository (or any of the parent directories): .git
2024-02-21 22:46:33.421 [info] > git rev-parse --show-toplevel [2ms]
2024-02-21 22:46:33.421 [info] fatal: not a git repository (or any of the parent directories): .git
2024-02-21 22:46:39.721 [info] > git rev-parse --show-toplevel [1ms]
2024-02-21 22:46:39.721 [info] fatal: not a git repository (or any of the parent directories): .git
2024-02-21 22:59:52.735 [info] > git rev-parse --show-toplevel [1ms]
2024-02-21 22:59:52.736 [info] fatal: not a git repository (or any of the parent directories): .git
2024-02-21 22:59:57.528 [info] > git rev-parse --show-toplevel [1ms]
2024-02-21 22:59:57.528 [info] fatal: not a git repository (or any of the parent directories): .git
2024-02-21 23:00:47.531 [info] > git rev-parse --show-toplevel [2ms]
2024-02-21 23:00:47.531 [info] fatal: not a git repository (or any of the parent directories): .git
2024-02-21 23:00:55.747 [info] > git rev-parse --show-toplevel [1ms]
2024-02-21 23:00:55.747 [info] fatal: not a git repository (or any of the parent directories): .git
2024-02-21 23:08:41.784 [info] > git rev-parse --show-toplevel [1ms]
2024-02-21 23:08:41.784 [info] fatal: not a git repository (or any of the parent directories): .git
2024-02-21 23:09:36.750 [info] > git rev-parse --show-toplevel [1ms]
2024-02-21 23:09:36.750 [info] fatal: not a git repository (or any of the parent directories): .git
2024-02-21 23:13:45.328 [info] > git rev-parse --show-toplevel [2ms]
2024-02-21 23:13:45.328 [info] fatal: not a git repository (or any of the parent directories): .git
2024-02-21 23:14:01.994 [info] > git rev-parse --show-toplevel [1ms]
2024-02-21 23:14:01.994 [info] fatal: not a git repository (or any of the parent directories): .git
2024-02-21 23:18:49.663 [info] > git rev-parse --show-toplevel [2ms]
2024-02-21 23:18:49.663 [info] fatal: not a git repository (or any of the parent directories): .git
2024-02-21 23:18:59.743 [info] > git rev-parse --show-toplevel [1ms]
2024-02-21 23:18:59.743 [info] fatal: not a git repository (or any of the parent directories): .git
2024-02-21 23:22:51.198 [info] > git rev-parse --show-toplevel [1ms]
2024-02-21 23:22:51.198 [info] fatal: not a git repository (or any of the parent directories): .git
2024-02-21 23:23:05.110 [info] > git rev-parse --show-toplevel [2ms]
2024-02-21 23:23:05.110 [info] fatal: not a git repository (or any of the parent directories): .git
2024-02-21 23:23:18.705 [info] > git rev-parse --show-toplevel [1ms]
2024-02-21 23:23:18.705 [info] fatal: not a git repository (or any of the parent directories): .git
2024-02-21 23:25:59.042 [info] > git rev-parse --show-toplevel [2ms]
2024-02-21 23:25:59.042 [info] fatal: not a git repository (or any of the parent directories): .git
2024-02-21 23:29:20.578 [info] > git rev-parse --show-toplevel [2ms]
2024-02-21 23:29:20.578 [info] fatal: not a git repository (or any of the parent directories): .git
2024-02-21 23:33:34.144 [info] > git rev-parse --show-toplevel [1ms]
2024-02-21 23:33:34.144 [info] fatal: not a git repository (or any of the parent directories): .git
2024-02-21 23:34:04.534 [info] > git rev-parse --show-toplevel [1ms]
2024-02-21 23:34:04.534 [info] fatal: not a git repository (or any of the parent directories): .git
2024-02-21 23:35:10.972 [info] > git rev-parse --show-toplevel [1ms]
2024-02-21 23:35:10.972 [info] fatal: not a git repository (or any of the parent directories): .git
2024-02-21 23:35:26.989 [info] > git rev-parse --show-toplevel [1ms]
2024-02-21 23:35:26.996 [info] > git rev-parse --git-dir --git-common-dir [1ms]
2024-02-21 23:35:27.004 [info] Open repository: /home/student/css-assignment3
2024-02-21 23:35:27.013 [info] > git config --get commit.template [2ms]
2024-02-21 23:35:27.020 [info] No remotes found in the git config file.
2024-02-21 23:35:27.021 [info] > git for-each-ref --format=%(refname)%00%(upstream:short)%00%(objectname)%00%(upstream:track)%00%(upstream:remotename)%00%(upstream:remoteref) refs/heads/master refs/remotes/master [1ms]
2024-02-21 23:35:27.030 [info] > git status -z -uall [2ms]
2024-02-21 23:35:27.045 [info] > git config --get commit.template [2ms]
2024-02-21 23:35:27.053 [info] No remotes found in the git config file.
2024-02-21 23:35:27.055 [info] > git for-each-ref --format=%(refname)%00%(upstream:short)%00%(objectname)%00%(upstream:track)%00%(upstream:remotename)%00%(upstream:remoteref) refs/heads/master refs/remotes/master [1ms]
2024-02-21 23:35:27.062 [info] > git status -z -uall [1ms]
2024-02-21 23:35:27.327 [info] > git show --textconv :index.html [7ms]
2024-02-21 23:35:27.328 [info] > git ls-files --stage -- /home/student/css-assignment3/index.html [1ms]
2024-02-21 23:35:27.522 [info] > git check-ignore -v -z --stdin [1ms]
2024-02-21 23:35:43.581 [info] No remotes found in the git config file.
2024-02-21 23:35:43.582 [info] > git config --get commit.template [6ms]
2024-02-21 23:35:43.582 [info] > git for-each-ref --format=%(refname)%00%(upstream:short)%00%(objectname)%00%(upstream:track)%00%(upstream:remotename)%00%(upstream:remoteref) refs/heads/master refs/remotes/master [1ms]
2024-02-21 23:35:43.588 [info] > git status -z -uall [1ms]
2024-02-21 23:35:43.676 [info] > git ls-files --stage -- /home/student/css-assignment3/index.html [1ms]
2024-02-21 23:35:43.682 [info] > git cat-file -s c0160fd2a88487dd70fa4c94e720e099dc05d6a8 [1ms]
2024-02-21 23:35:43.691 [info] > git show --textconv :index.html [2ms]
2024-02-21 23:36:03.485 [info] No remotes found in the git config file.
2024-02-21 23:36:03.486 [info] > git config --get commit.template [7ms]
2024-02-21 23:36:03.486 [info] > git for-each-ref --format=%(refname)%00%(upstream:short)%00%(objectname)%00%(upstream:track)%00%(upstream:remotename)%00%(upstream:remoteref) refs/heads/master refs/remotes/master [1ms]
2024-02-21 23:36:03.493 [info] > git status -z -uall [1ms]
2024-02-21 23:36:03.580 [info] > git ls-files --stage -- /home/student/css-assignment3/index.html [1ms]
2024-02-21 23:36:03.586 [info] > git cat-file -s c0160fd2a88487dd70fa4c94e720e099dc05d6a8 [1ms]
2024-02-21 23:36:03.594 [info] > git show --textconv :index.html [1ms]
2024-02-21 23:38:27.561 [info] > git config --get commit.template [6ms]
2024-02-21 23:38:27.562 [info] > git for-each-ref --format=%(refname)%00%(upstream:short)%00%(objectname)%00%(upstream:track)%00%(upstream:remotename)%00%(upstream:remoteref) refs/heads/master refs/remotes/master [1ms]
2024-02-21 23:38:27.569 [info] > git status -z -uall [2ms]
2024-02-21 23:38:27.656 [info] > git ls-files --stage -- /home/student/css-assignment3/index.html [1ms]
2024-02-21 23:38:27.663 [info] > git cat-file -s c0160fd2a88487dd70fa4c94e720e099dc05d6a8 [1ms]
2024-02-21 23:38:27.671 [info] > git show --textconv :index.html [2ms]
2024-02-21 23:38:45.016 [info] > git config --get commit.template [7ms]
2024-02-21 23:38:45.017 [info] > git for-each-ref --format=%(refname)%00%(upstream:short)%00%(objectname)%00%(upstream:track)%00%(upstream:remotename)%00%(upstream:remoteref) refs/heads/master refs/remotes/master [2ms]
2024-02-21 23:38:45.024 [info] > git status -z -uall [1ms]
2024-02-21 23:38:45.109 [info] > git ls-files --stage -- /home/student/css-assignment3/index.html [1ms]
2024-02-21 23:38:45.117 [info] > git cat-file -s c0160fd2a88487dd70fa4c94e720e099dc05d6a8 [1ms]
2024-02-21 23:38:45.125 [info] > git show --textconv :index.html [1ms]
2024-02-21 23:45:45.971 [info] > git show --textconv :style.css [8ms]
2024-02-21 23:45:45.972 [info] > git ls-files --stage -- /home/student/css-assignment3/style.css [2ms]
2024-02-21 23:45:45.979 [info] > git cat-file -s f847beb3557369548a9ab72cd6f21abb8fa735f9 [1ms]
2024-02-21 23:47:54.232 [info] > git show --textconv :index.html [7ms]
2024-02-21 23:47:54.233 [info] > git ls-files --stage -- /home/student/css-assignment3/index.html [2ms]
2024-02-21 23:47:54.240 [info] > git cat-file -s c0160fd2a88487dd70fa4c94e720e099dc05d6a8 [1ms]
2024-02-21 23:51:21.084 [info] > git show --textconv :style.css [6ms]
2024-02-21 23:51:21.085 [info] > git ls-files --stage -- /home/student/css-assignment3/style.css [1ms]
2024-02-21 23:51:21.092 [info] > git cat-file -s f847beb3557369548a9ab72cd6f21abb8fa735f9 [1ms]
2024-02-21 23:52:39.151 [info] > git check-ignore -v -z --stdin [1ms]
2024-02-21 23:52:59.880 [info] > git show --textconv :index.html [7ms]
2024-02-21 23:52:59.881 [info] > git ls-files --stage -- /home/student/css-assignment3/index.html [1ms]
2024-02-21 23:52:59.888 [info] > git cat-file -s c0160fd2a88487dd70fa4c94e720e099dc05d6a8 [1ms]
2024-02-21 23:53:26.388 [info] > git show --textconv :style.css [7ms]
2024-02-21 23:53:26.389 [info] > git ls-files --stage -- /home/student/css-assignment3/style.css [1ms]
2024-02-21 23:53:26.396 [info] > git cat-file -s f847beb3557369548a9ab72cd6f21abb8fa735f9 [1ms]
2024-02-21 23:53:58.031 [info] > git show --textconv :index.html [7ms]
2024-02-21 23:53:58.032 [info] > git ls-files --stage -- /home/student/css-assignment3/index.html [1ms]
2024-02-21 23:53:58.039 [info] > git cat-file -s c0160fd2a88487dd70fa4c94e720e099dc05d6a8 [1ms]
2024-02-22 00:05:30.778 [info] > git show --textconv :style.css [7ms]
2024-02-22 00:05:30.779 [info] > git ls-files --stage -- /home/student/css-assignment3/style.css [1ms]
2024-02-22 00:05:30.786 [info] > git cat-file -s f847beb3557369548a9ab72cd6f21abb8fa735f9 [1ms]
2024-02-22 00:09:35.347 [info] > git show --textconv :index.html [7ms]
2024-02-22 00:09:35.348 [info] > git ls-files --stage -- /home/student/css-assignment3/index.html [1ms]
2024-02-22 00:09:35.355 [info] > git cat-file -s c0160fd2a88487dd70fa4c94e720e099dc05d6a8 [1ms]
2024-02-22 00:10:15.443 [info] > git show --textconv :style.css [7ms]
2024-02-22 00:10:15.444 [info] > git ls-files --stage -- /home/student/css-assignment3/style.css [2ms]
2024-02-22 00:10:15.451 [info] > git cat-file -s f847beb3557369548a9ab72cd6f21abb8fa735f9 [1ms]
2024-02-22 00:11:57.359 [info] > git show --textconv :index.html [7ms]
2024-02-22 00:11:57.360 [info] > git ls-files --stage -- /home/student/css-assignment3/index.html [1ms]
2024-02-22 00:11:57.367 [info] > git cat-file -s c0160fd2a88487dd70fa4c94e720e099dc05d6a8 [1ms]
2024-02-22 00:12:18.276 [info] > git show --textconv :style.css [7ms]
2024-02-22 00:12:18.277 [info] > git ls-files --stage -- /home/student/css-assignment3/style.css [1ms]
2024-02-22 00:12:18.284 [info] > git cat-file -s f847beb3557369548a9ab72cd6f21abb8fa735f9 [1ms]
2024-02-22 00:28:29.906 [info] > git show --textconv :index.html [7ms]
2024-02-22 00:28:29.907 [info] > git ls-files --stage -- /home/student/css-assignment3/index.html [1ms]
2024-02-22 00:28:29.914 [info] > git cat-file -s c0160fd2a88487dd70fa4c94e720e099dc05d6a8 [1ms]
2024-02-22 00:39:12.571 [info] > git show --textconv :style.css [7ms]
2024-02-22 00:39:12.572 [info] > git ls-files --stage -- /home/student/css-assignment3/style.css [1ms]
2024-02-22 00:39:12.578 [info] > git cat-file -s f847beb3557369548a9ab72cd6f21abb8fa735f9 [1ms]
2024-02-22 00:40:10.189 [info] > git show --textconv :index.html [7ms]
2024-02-22 00:40:10.190 [info] > git ls-files --stage -- /home/student/css-assignment3/index.html [1ms]
2024-02-22 00:40:10.197 [info] > git cat-file -s c0160fd2a88487dd70fa4c94e720e099dc05d6a8 [1ms]
2024-02-22 00:41:55.038 [info] > git show --textconv :style.css [7ms]
2024-02-22 00:41:55.039 [info] > git ls-files --stage -- /home/student/css-assignment3/style.css [1ms]
2024-02-22 00:41:55.046 [info] > git cat-file -s f847beb3557369548a9ab72cd6f21abb8fa735f9 [1ms]
2024-02-22 00:42:10.315 [info] > git show --textconv :index.html [7ms]
2024-02-22 00:42:10.316 [info] > git ls-files --stage -- /home/student/css-assignment3/index.html [2ms]
2024-02-22 00:42:10.323 [info] > git cat-file -s c0160fd2a88487dd70fa4c94e720e099dc05d6a8 [1ms]
2024-02-22 00:43:39.943 [info] > git show --textconv :style.css [7ms]
2024-02-22 00:43:39.944 [info] > git ls-files --stage -- /home/student/css-assignment3/style.css [1ms]
2024-02-22 00:43:39.951 [info] > git cat-file -s f847beb3557369548a9ab72cd6f21abb8fa735f9 [1ms]
2024-02-22 00:45:43.898 [info] > git show --textconv :index.html [7ms]
2024-02-22 00:45:43.899 [info] > git ls-files --stage -- /home/student/css-assignment3/index.html [1ms]
2024-02-22 00:45:43.906 [info] > git cat-file -s c0160fd2a88487dd70fa4c94e720e099dc05d6a8 [2ms]
2024-02-22 00:46:58.072 [info] > git show --textconv :style.css [7ms]
2024-02-22 00:46:58.073 [info] > git ls-files --stage -- /home/student/css-assignment3/style.css [2ms]
2024-02-22 00:46:58.080 [info] > git cat-file -s f847beb3557369548a9ab72cd6f21abb8fa735f9 [2ms]
2024-02-22 00:47:01.032 [info] > git show --textconv :index.html [7ms]
2024-02-22 00:47:01.033 [info] > git ls-files --stage -- /home/student/css-assignment3/index.html [1ms]
2024-02-22 00:47:01.040 [info] > git cat-file -s c0160fd2a88487dd70fa4c94e720e099dc05d6a8 [1ms]
2024-02-22 00:48:45.475 [info] > git show --textconv :style.css [7ms]
2024-02-22 00:48:45.476 [info] > git ls-files --stage -- /home/student/css-assignment3/style.css [1ms]
2024-02-22 00:48:45.483 [info] > git cat-file -s f847beb3557369548a9ab72cd6f21abb8fa735f9 [1ms]
2024-02-22 00:52:57.974 [info] > git show --textconv :index.html [7ms]
2024-02-22 00:52:57.974 [info] > git ls-files --stage -- /home/student/css-assignment3/index.html [1ms]
2024-02-22 00:52:57.981 [info] > git cat-file -s c0160fd2a88487dd70fa4c94e720e099dc05d6a8 [1ms]
2024-02-22 00:55:31.648 [info] > git show --textconv :style.css [8ms]
2024-02-22 00:55:31.649 [info] > git ls-files --stage -- /home/student/css-assignment3/style.css [2ms]
2024-02-22 00:55:31.656 [info] > git cat-file -s f847beb3557369548a9ab72cd6f21abb8fa735f9 [1ms]
2024-02-22 02:04:02.775 [info] > git show --textconv :index.html [7ms]
2024-02-22 02:04:02.776 [info] > git ls-files --stage -- /home/student/css-assignment3/index.html [2ms]
2024-02-22 02:04:02.782 [info] > git cat-file -s c0160fd2a88487dd70fa4c94e720e099dc05d6a8 [1ms]
2024-02-22 05:02:26.111 [info] > git show --textconv :style.css [7ms]
2024-02-22 05:02:26.112 [info] > git ls-files --stage -- /home/student/css-assignment3/style.css [1ms]
2024-02-22 05:02:26.119 [info] > git cat-file -s f847beb3557369548a9ab72cd6f21abb8fa735f9 [1ms]
2024-02-22 05:10:20.437 [info] > git show --textconv :index.html [7ms]
2024-02-22 05:10:20.438 [info] > git ls-files --stage -- /home/student/css-assignment3/index.html [1ms]
2024-02-22 05:10:20.445 [info] > git cat-file -s c0160fd2a88487dd70fa4c94e720e099dc05d6a8 [2ms]
