2024-02-21 22:41:11.545 [info] Log level: Info
2024-02-21 22:41:11.545 [info] Validating found git in: "git"
2024-02-21 22:41:11.545 [info] Using git "2.34.1" from "git"
2024-02-21 22:41:11.545 [info] > git rev-parse --show-toplevel [99ms]
2024-02-21 22:41:11.561 [info] > git rev-parse --git-dir --git-common-dir [24ms]
2024-02-21 22:41:11.584 [info] Open repository: /home/student/Documents/Assignment-B
2024-02-21 22:41:11.627 [info] > git config --get commit.template [20ms]
2024-02-21 22:41:11.628 [info] > git rev-parse --show-toplevel [4ms]
2024-02-21 22:41:11.688 [info] > git for-each-ref --format=%(refname)%00%(upstream:short)%00%(objectname)%00%(upstream:track)%00%(upstream:remotename)%00%(upstream:remoteref) refs/heads/master refs/remotes/master [38ms]
2024-02-21 22:41:11.705 [info] > git rev-parse --show-toplevel [21ms]
2024-02-21 22:41:11.716 [info] > git status -z -uall [14ms]
2024-02-21 22:41:11.765 [info] > git config --get commit.template [23ms]
2024-02-21 22:41:11.866 [info] > git for-each-ref --format=%(refname)%00%(upstream:short)%00%(objectname)%00%(upstream:track)%00%(upstream:remotename)%00%(upstream:remoteref) refs/heads/master refs/remotes/master [104ms]
2024-02-21 22:41:11.929 [info] > git status -z -uall [26ms]
2024-02-21 22:41:12.228 [info] > git check-ignore -v -z --stdin [4ms]
2024-02-21 22:41:12.605 [info] > git show --textconv :style3.css [14ms]
2024-02-21 22:41:12.611 [info] > git ls-files --stage -- /home/student/Documents/Assignment-B/style3.css [6ms]
2024-02-21 22:41:12.625 [info] > git cat-file -s e43d25879a2e8b19f13e9c6a3e9e9855b8b7f5ca [3ms]
2024-02-21 22:41:24.945 [info] > git show --textconv :index2.html [11ms]
2024-02-21 22:41:24.949 [info] > git ls-files --stage -- /home/student/Documents/Assignment-B/index2.html [4ms]
2024-02-21 22:41:24.959 [info] > git cat-file -s daea851cb41c960cb43c311f10480be8b14a7dc5 [2ms]
2024-02-22 02:03:17.136 [info] > git show --textconv :index1.html [7ms]
2024-02-22 02:03:17.137 [info] > git ls-files --stage -- /home/student/Documents/Assignment-B/index1.html [2ms]
2024-02-22 02:03:17.144 [info] > git cat-file -s b3e2ab8275b07954f4b22348485e3bee79631fcd [1ms]
2024-02-22 02:03:27.241 [info] > git show --textconv :index2.html [7ms]
2024-02-22 02:03:27.242 [info] > git ls-files --stage -- /home/student/Documents/Assignment-B/index2.html [2ms]
2024-02-22 02:03:27.249 [info] > git cat-file -s daea851cb41c960cb43c311f10480be8b14a7dc5 [1ms]
2024-02-22 02:03:39.817 [info] > git show --textconv :index1.html [7ms]
2024-02-22 02:03:39.818 [info] > git ls-files --stage -- /home/student/Documents/Assignment-B/index1.html [2ms]
2024-02-22 02:03:39.825 [info] > git cat-file -s b3e2ab8275b07954f4b22348485e3bee79631fcd [2ms]
2024-02-22 02:03:42.112 [info] > git show --textconv :style2.css [7ms]
2024-02-22 02:03:42.113 [info] > git ls-files --stage -- /home/student/Documents/Assignment-B/style2.css [1ms]
2024-02-22 02:03:42.120 [info] > git cat-file -s 349c9e11e171b38cee6e7b500215a224d5d87ce4 [1ms]
2024-02-22 02:03:45.008 [info] > git show --textconv :style3.css [7ms]
2024-02-22 02:03:45.009 [info] > git ls-files --stage -- /home/student/Documents/Assignment-B/style3.css [1ms]
2024-02-22 02:03:45.016 [info] > git cat-file -s e43d25879a2e8b19f13e9c6a3e9e9855b8b7f5ca [1ms]
2024-02-22 04:58:15.848 [info] > git config --get commit.template [1ms]
2024-02-22 04:58:15.857 [info] > git for-each-ref --format=%(refname)%00%(upstream:short)%00%(objectname)%00%(upstream:track)%00%(upstream:remotename)%00%(upstream:remoteref) refs/heads/master refs/remotes/master [2ms]
2024-02-22 04:58:15.868 [info] > git status -z -uall [2ms]
2024-02-22 04:58:27.528 [info] > git show --textconv :style.css [8ms]
2024-02-22 04:58:27.529 [info] > git ls-files --stage -- /home/student/Documents/Assignment-B/style.css [2ms]
2024-02-22 04:58:27.537 [info] > git cat-file -s fddf5e7fe1ec6c05a308958bc2400dd15d3fad79 [1ms]
