2024-02-21 04:04:52.891 [info] Log level: Info
2024-02-21 04:04:52.891 [info] Validating found git in: "git"
2024-02-21 04:04:52.891 [info] Using git "2.34.1" from "git"
2024-02-21 04:04:52.891 [info] > git rev-parse --show-toplevel [4ms]
2024-02-21 04:04:52.891 [info] fatal: not a git repository (or any of the parent directories): .git
2024-02-21 04:04:55.876 [info] > git rev-parse --show-toplevel [1ms]
2024-02-21 04:04:55.876 [info] fatal: not a git repository (or any of the parent directories): .git
2024-02-21 04:17:26.699 [info] > git rev-parse --show-toplevel [2ms]
2024-02-21 04:17:26.699 [info] fatal: not a git repository (or any of the parent directories): .git
2024-02-21 04:17:45.365 [info] > git rev-parse --show-toplevel [2ms]
2024-02-21 04:17:45.365 [info] fatal: not a git repository (or any of the parent directories): .git
2024-02-21 04:18:13.463 [info] > git rev-parse --show-toplevel [1ms]
2024-02-21 04:18:13.464 [info] fatal: not a git repository (or any of the parent directories): .git
2024-02-21 04:20:38.274 [info] > git rev-parse --show-toplevel [7ms]
2024-02-21 04:20:38.274 [info] fatal: not a git repository (or any of the parent directories): .git
2024-02-21 07:09:23.779 [info] > git rev-parse --show-toplevel [1ms]
2024-02-21 07:09:23.779 [info] fatal: not a git repository (or any of the parent directories): .git
2024-02-21 07:10:36.975 [info] > git rev-parse --show-toplevel [3ms]
2024-02-21 07:10:36.975 [info] fatal: not a git repository (or any of the parent directories): .git
2024-02-21 07:11:50.312 [info] > git rev-parse --show-toplevel [1ms]
2024-02-21 07:11:50.312 [info] fatal: not a git repository (or any of the parent directories): .git
2024-02-21 07:12:22.731 [info] > git rev-parse --show-toplevel [2ms]
2024-02-21 07:12:22.731 [info] fatal: not a git repository (or any of the parent directories): .git
2024-02-21 07:14:40.708 [info] > git rev-parse --show-toplevel [1ms]
2024-02-21 07:14:40.708 [info] fatal: not a git repository (or any of the parent directories): .git
2024-02-21 07:18:00.505 [info] > git rev-parse --show-toplevel [2ms]
2024-02-21 07:18:00.505 [info] fatal: not a git repository (or any of the parent directories): .git
2024-02-21 07:22:53.728 [info] > git rev-parse --show-toplevel [1ms]
2024-02-21 07:22:53.728 [info] fatal: not a git repository (or any of the parent directories): .git
2024-02-21 07:23:20.978 [info] > git rev-parse --show-toplevel [2ms]
2024-02-21 07:23:20.978 [info] fatal: not a git repository (or any of the parent directories): .git
2024-02-21 07:23:53.561 [info] > git rev-parse --show-toplevel [2ms]
2024-02-21 07:23:53.561 [info] fatal: not a git repository (or any of the parent directories): .git
2024-02-21 07:24:27.568 [info] > git rev-parse --show-toplevel [2ms]
2024-02-21 07:24:27.568 [info] fatal: not a git repository (or any of the parent directories): .git
2024-02-21 07:24:43.704 [info] > git rev-parse --show-toplevel [2ms]
2024-02-21 07:24:43.704 [info] fatal: not a git repository (or any of the parent directories): .git
2024-02-21 07:25:03.323 [info] > git rev-parse --show-toplevel [3ms]
2024-02-21 07:25:03.323 [info] fatal: not a git repository (or any of the parent directories): .git
2024-02-21 07:25:03.484 [info] > git rev-parse --show-toplevel [1ms]
2024-02-21 07:25:03.484 [info] fatal: not a git repository (or any of the parent directories): .git
2024-02-21 07:25:10.658 [info] > git rev-parse --show-toplevel [2ms]
2024-02-21 07:25:10.658 [info] fatal: not a git repository (or any of the parent directories): .git
2024-02-21 07:25:26.536 [info] > git rev-parse --show-toplevel [3ms]
2024-02-21 07:25:26.536 [info] fatal: not a git repository (or any of the parent directories): .git
2024-02-21 07:25:35.127 [info] > git rev-parse --show-toplevel [2ms]
2024-02-21 07:25:35.127 [info] fatal: not a git repository (or any of the parent directories): .git
2024-02-21 07:26:51.196 [info] > git rev-parse --show-toplevel [2ms]
2024-02-21 07:26:51.196 [info] fatal: not a git repository (or any of the parent directories): .git
2024-02-21 07:27:14.743 [info] > git rev-parse --show-toplevel [3ms]
2024-02-21 07:27:14.743 [info] fatal: not a git repository (or any of the parent directories): .git
2024-02-21 07:27:51.962 [info] > git rev-parse --show-toplevel [1ms]
2024-02-21 07:27:51.962 [info] fatal: not a git repository (or any of the parent directories): .git
2024-02-21 07:27:54.380 [info] > git rev-parse --show-toplevel [2ms]
2024-02-21 07:27:54.380 [info] fatal: not a git repository (or any of the parent directories): .git
2024-02-21 07:28:06.084 [info] > git rev-parse --show-toplevel [2ms]
2024-02-21 07:28:06.085 [info] fatal: not a git repository (or any of the parent directories): .git
2024-02-21 07:33:23.738 [info] > git rev-parse --show-toplevel [2ms]
2024-02-21 07:33:23.738 [info] fatal: not a git repository (or any of the parent directories): .git
2024-02-21 07:33:40.998 [info] > git rev-parse --show-toplevel [2ms]
2024-02-21 07:33:40.998 [info] fatal: not a git repository (or any of the parent directories): .git
2024-02-21 07:40:40.039 [info] > git rev-parse --show-toplevel [1ms]
2024-02-21 07:40:40.039 [info] fatal: not a git repository (or any of the parent directories): .git
2024-02-21 07:42:45.697 [info] > git rev-parse --show-toplevel [1ms]
2024-02-21 07:42:45.697 [info] fatal: not a git repository (or any of the parent directories): .git
2024-02-21 07:43:30.708 [info] > git rev-parse --show-toplevel [1ms]
2024-02-21 07:43:30.716 [info] > git rev-parse --git-dir --git-common-dir [1ms]
2024-02-21 07:43:30.724 [info] Open repository: /home/student/Css-Assignment
2024-02-21 07:43:30.735 [info] > git config --get commit.template [1ms]
2024-02-21 07:43:30.744 [info] No remotes found in the git config file.
2024-02-21 07:43:30.745 [info] > git for-each-ref --format=%(refname)%00%(upstream:short)%00%(objectname)%00%(upstream:track)%00%(upstream:remotename)%00%(upstream:remoteref) refs/heads/master refs/remotes/master [1ms]
2024-02-21 07:43:30.754 [info] > git status -z -uall [2ms]
2024-02-21 07:43:30.786 [info] No remotes found in the git config file.
2024-02-21 07:43:30.787 [info] > git config --get commit.template [15ms]
2024-02-21 07:43:30.787 [info] > git for-each-ref --format=%(refname)%00%(upstream:short)%00%(objectname)%00%(upstream:track)%00%(upstream:remotename)%00%(upstream:remoteref) refs/heads/master refs/remotes/master [1ms]
2024-02-21 07:43:30.797 [info] > git status -z -uall [1ms]
2024-02-21 07:43:31.051 [info] > git show --textconv :style.css [8ms]
2024-02-21 07:43:31.052 [info] > git ls-files --stage -- /home/student/Css-Assignment/style.css [1ms]
2024-02-21 07:43:31.245 [info] > git check-ignore -v -z --stdin [1ms]
2024-02-21 07:43:37.646 [info] No remotes found in the git config file.
2024-02-21 07:43:37.647 [info] > git config --get commit.template [7ms]
2024-02-21 07:43:37.647 [info] > git for-each-ref --format=%(refname)%00%(upstream:short)%00%(objectname)%00%(upstream:track)%00%(upstream:remotename)%00%(upstream:remoteref) refs/heads/master refs/remotes/master [1ms]
2024-02-21 07:43:37.655 [info] > git status -z -uall [1ms]
2024-02-21 07:43:37.739 [info] > git ls-files --stage -- /home/student/Css-Assignment/style.css [1ms]
2024-02-21 07:43:37.747 [info] > git cat-file -s d33fb04d82c14ec830670b34a3a441872da3c3bc [1ms]
2024-02-21 07:43:37.757 [info] > git show --textconv :style.css [2ms]
2024-02-21 07:44:21.880 [info] No remotes found in the git config file.
2024-02-21 07:44:21.881 [info] > git config --get commit.template [7ms]
2024-02-21 07:44:21.881 [info] > git for-each-ref --format=%(refname)%00%(upstream:short)%00%(objectname)%00%(upstream:track)%00%(upstream:remotename)%00%(upstream:remoteref) refs/heads/master refs/remotes/master [1ms]
2024-02-21 07:44:21.890 [info] > git status -z -uall [2ms]
2024-02-21 07:44:21.976 [info] > git ls-files --stage -- /home/student/Css-Assignment/style.css [2ms]
2024-02-21 07:44:21.983 [info] > git cat-file -s d33fb04d82c14ec830670b34a3a441872da3c3bc [1ms]
2024-02-21 07:44:21.993 [info] > git show --textconv :style.css [1ms]
2024-02-21 07:45:52.359 [info] > git config --get commit.template [7ms]
2024-02-21 07:45:52.359 [info] > git for-each-ref --format=%(refname)%00%(upstream:short)%00%(objectname)%00%(upstream:track)%00%(upstream:remotename)%00%(upstream:remoteref) refs/heads/master refs/remotes/master [1ms]
2024-02-21 07:45:52.367 [info] > git status -z -uall [1ms]
2024-02-21 07:45:52.452 [info] > git ls-files --stage -- /home/student/Css-Assignment/style.css [1ms]
2024-02-21 07:45:52.460 [info] > git cat-file -s d33fb04d82c14ec830670b34a3a441872da3c3bc [2ms]
2024-02-21 07:45:52.470 [info] > git show --textconv :style.css [2ms]
2024-02-21 07:46:23.320 [info] > git config --get commit.template [9ms]
2024-02-21 07:46:23.321 [info] > git for-each-ref --format=%(refname)%00%(upstream:short)%00%(objectname)%00%(upstream:track)%00%(upstream:remotename)%00%(upstream:remoteref) refs/heads/master refs/remotes/master [2ms]
2024-02-21 07:46:23.329 [info] > git status -z -uall [1ms]
2024-02-21 07:46:23.412 [info] > git ls-files --stage -- /home/student/Css-Assignment/style.css [1ms]
2024-02-21 07:46:23.420 [info] > git cat-file -s d33fb04d82c14ec830670b34a3a441872da3c3bc [1ms]
2024-02-21 07:46:23.430 [info] > git show --textconv :style.css [2ms]
2024-02-21 07:57:37.166 [info] > git show --textconv :index.html [9ms]
2024-02-21 07:57:37.168 [info] > git ls-files --stage -- /home/student/Css-Assignment/index.html [2ms]
2024-02-21 07:57:37.177 [info] > git cat-file -s e6d3f519ce68c9ff635ab0cb9b7f4169f82435ad [1ms]
