2024-02-22 01:27:43.959 [info] Extension host with pid 7082 started
2024-02-22 01:27:43.959 [info] Skipping acquiring lock for /home/student/.config/Code/User/workspaceStorage/06b32abb4bb57e700b6e6ec4243cfbe7.
2024-02-22 01:27:44.001 [info] ExtensionService#_doActivateExtension vscode.git-base, startup: true, activationEvent: '*', root cause: vscode.git
2024-02-22 01:27:44.027 [info] ExtensionService#_doActivateExtension vscode.git, startup: true, activationEvent: '*'
2024-02-22 01:27:44.049 [info] ExtensionService#_doActivateExtension vscode.github, startup: true, activationEvent: '*'
2024-02-22 01:27:44.104 [info] Eager extensions activated
2024-02-22 01:27:44.142 [info] ExtensionService#_doActivateExtension vscode.debug-auto-launch, startup: false, activationEvent: 'onStartupFinished'
2024-02-22 01:27:44.145 [info] ExtensionService#_doActivateExtension vscode.merge-conflict, startup: false, activationEvent: 'onStartupFinished'
2024-02-22 01:27:44.152 [info] ExtensionService#_doActivateExtension ritwickdey.LiveServer, startup: false, activationEvent: 'onStartupFinished'
2024-02-22 01:27:44.395 [info] ExtensionService#_doActivateExtension vscode.github-authentication, startup: false, activationEvent: 'onAuthenticationRequest:github'
2024-02-22 01:28:54.000 [info] ExtensionService#_doActivateExtension vscode.html-language-features, startup: false, activationEvent: 'onLanguage:html'
2024-02-22 01:28:54.019 [info] ExtensionService#_doActivateExtension vscode.emmet, startup: false, activationEvent: 'onLanguage'
2024-02-22 02:07:44.157 [error] [vscode.emmet] provider FAILED
2024-02-22 02:07:44.159 [error] Error: Unable to find matching pair for < at char 293
	at r.error (/usr/share/code/resources/app/extensions/emmet/dist/node/emmetNodeMain.js:1:22253)
	at f (/usr/share/code/resources/app/extensions/emmet/dist/node/emmetNodeMain.js:1:21483)
	at u (/usr/share/code/resources/app/extensions/emmet/dist/node/emmetNodeMain.js:1:14498)
	at l (/usr/share/code/resources/app/extensions/emmet/dist/node/emmetNodeMain.js:1:14611)
	at /usr/share/code/resources/app/extensions/emmet/dist/node/emmetNodeMain.js:1:15226
	at m (/usr/share/code/resources/app/extensions/emmet/dist/node/emmetNodeMain.js:1:15333)
	at A (/usr/share/code/resources/app/extensions/emmet/dist/node/emmetNodeMain.js:1:16251)
	at S (/usr/share/code/resources/app/extensions/emmet/dist/node/emmetNodeMain.js:1:16661)
	at t.$b (/usr/share/code/resources/app/extensions/emmet/dist/node/emmetNodeMain.js:1:143192)
	at t.$S.b (/usr/share/code/resources/app/extensions/emmet/dist/node/emmetNodeMain.js:1:129529)
	at t.$S.provideCompletionItems (/usr/share/code/resources/app/extensions/emmet/dist/node/emmetNodeMain.js:1:128540)
	at ve.provideCompletionItems (/usr/share/code/resources/app/out/vs/workbench/api/node/extensionHostProcess.js:143:53068)
	at /usr/share/code/resources/app/out/vs/workbench/api/node/extensionHostProcess.js:143:74658
	at be.s (/usr/share/code/resources/app/out/vs/workbench/api/node/extensionHostProcess.js:143:66141)
	at be.$provideCompletionItems (/usr/share/code/resources/app/out/vs/workbench/api/node/extensionHostProcess.js:143:74644)
	at l.S (/usr/share/code/resources/app/out/vs/workbench/api/node/extensionHostProcess.js:150:10829)
	at l.Q (/usr/share/code/resources/app/out/vs/workbench/api/node/extensionHostProcess.js:150:10595)
	at l.M (/usr/share/code/resources/app/out/vs/workbench/api/node/extensionHostProcess.js:150:9647)
	at l.L (/usr/share/code/resources/app/out/vs/workbench/api/node/extensionHostProcess.js:150:8764)
	at f.value (/usr/share/code/resources/app/out/vs/workbench/api/node/extensionHostProcess.js:150:7567)
	at n.y (/usr/share/code/resources/app/out/vs/workbench/api/node/extensionHostProcess.js:80:1902)
	at n.fire (/usr/share/code/resources/app/out/vs/workbench/api/node/extensionHostProcess.js:80:2119)
	at o.fire (/usr/share/code/resources/app/out/vs/workbench/api/node/extensionHostProcess.js:103:14039)
	at f.value (/usr/share/code/resources/app/out/vs/workbench/api/node/extensionHostProcess.js:171:7903)
	at n.y (/usr/share/code/resources/app/out/vs/workbench/api/node/extensionHostProcess.js:80:1902)
	at n.fire (/usr/share/code/resources/app/out/vs/workbench/api/node/extensionHostProcess.js:80:2119)
	at o.fire (/usr/share/code/resources/app/out/vs/workbench/api/node/extensionHostProcess.js:103:14039)
	at MessagePortMain.<anonymous> (/usr/share/code/resources/app/out/vs/workbench/api/node/extensionHostProcess.js:171:6183)
	at MessagePortMain.emit (node:events:513:28)
	at MessagePortMain._internalPort.emit (node:electron/js2c/utility_init:2:367)
2024-02-22 02:07:44.370 [error] [vscode.emmet] provider FAILED
2024-02-22 02:07:44.370 [error] Error: Unable to find matching pair for < at char 294
	at r.error (/usr/share/code/resources/app/extensions/emmet/dist/node/emmetNodeMain.js:1:22253)
	at f (/usr/share/code/resources/app/extensions/emmet/dist/node/emmetNodeMain.js:1:21483)
	at u (/usr/share/code/resources/app/extensions/emmet/dist/node/emmetNodeMain.js:1:14498)
	at l (/usr/share/code/resources/app/extensions/emmet/dist/node/emmetNodeMain.js:1:14611)
	at /usr/share/code/resources/app/extensions/emmet/dist/node/emmetNodeMain.js:1:15226
	at m (/usr/share/code/resources/app/extensions/emmet/dist/node/emmetNodeMain.js:1:15333)
	at A (/usr/share/code/resources/app/extensions/emmet/dist/node/emmetNodeMain.js:1:16251)
	at S (/usr/share/code/resources/app/extensions/emmet/dist/node/emmetNodeMain.js:1:16661)
	at t.$b (/usr/share/code/resources/app/extensions/emmet/dist/node/emmetNodeMain.js:1:143192)
	at t.$S.b (/usr/share/code/resources/app/extensions/emmet/dist/node/emmetNodeMain.js:1:129529)
	at t.$S.provideCompletionItems (/usr/share/code/resources/app/extensions/emmet/dist/node/emmetNodeMain.js:1:128540)
	at ve.provideCompletionItems (/usr/share/code/resources/app/out/vs/workbench/api/node/extensionHostProcess.js:143:53068)
	at /usr/share/code/resources/app/out/vs/workbench/api/node/extensionHostProcess.js:143:74658
	at be.s (/usr/share/code/resources/app/out/vs/workbench/api/node/extensionHostProcess.js:143:66141)
	at be.$provideCompletionItems (/usr/share/code/resources/app/out/vs/workbench/api/node/extensionHostProcess.js:143:74644)
	at l.S (/usr/share/code/resources/app/out/vs/workbench/api/node/extensionHostProcess.js:150:10829)
	at l.Q (/usr/share/code/resources/app/out/vs/workbench/api/node/extensionHostProcess.js:150:10595)
	at l.M (/usr/share/code/resources/app/out/vs/workbench/api/node/extensionHostProcess.js:150:9647)
	at l.L (/usr/share/code/resources/app/out/vs/workbench/api/node/extensionHostProcess.js:150:8764)
	at f.value (/usr/share/code/resources/app/out/vs/workbench/api/node/extensionHostProcess.js:150:7567)
	at n.y (/usr/share/code/resources/app/out/vs/workbench/api/node/extensionHostProcess.js:80:1902)
	at n.fire (/usr/share/code/resources/app/out/vs/workbench/api/node/extensionHostProcess.js:80:2119)
	at o.fire (/usr/share/code/resources/app/out/vs/workbench/api/node/extensionHostProcess.js:103:14039)
	at f.value (/usr/share/code/resources/app/out/vs/workbench/api/node/extensionHostProcess.js:171:7903)
	at n.y (/usr/share/code/resources/app/out/vs/workbench/api/node/extensionHostProcess.js:80:1902)
	at n.fire (/usr/share/code/resources/app/out/vs/workbench/api/node/extensionHostProcess.js:80:2119)
	at o.fire (/usr/share/code/resources/app/out/vs/workbench/api/node/extensionHostProcess.js:103:14039)
	at MessagePortMain.<anonymous> (/usr/share/code/resources/app/out/vs/workbench/api/node/extensionHostProcess.js:171:6183)
	at MessagePortMain.emit (node:events:513:28)
	at MessagePortMain._internalPort.emit (node:electron/js2c/utility_init:2:367)
2024-02-22 02:07:48.753 [error] [vscode.emmet] provider FAILED
2024-02-22 02:07:48.753 [error] Error: Unable to find matching pair for < at char 307
	at r.error (/usr/share/code/resources/app/extensions/emmet/dist/node/emmetNodeMain.js:1:22253)
	at f (/usr/share/code/resources/app/extensions/emmet/dist/node/emmetNodeMain.js:1:21483)
	at u (/usr/share/code/resources/app/extensions/emmet/dist/node/emmetNodeMain.js:1:14498)
	at l (/usr/share/code/resources/app/extensions/emmet/dist/node/emmetNodeMain.js:1:14611)
	at /usr/share/code/resources/app/extensions/emmet/dist/node/emmetNodeMain.js:1:15226
	at m (/usr/share/code/resources/app/extensions/emmet/dist/node/emmetNodeMain.js:1:15333)
	at A (/usr/share/code/resources/app/extensions/emmet/dist/node/emmetNodeMain.js:1:16251)
	at S (/usr/share/code/resources/app/extensions/emmet/dist/node/emmetNodeMain.js:1:16661)
	at t.$b (/usr/share/code/resources/app/extensions/emmet/dist/node/emmetNodeMain.js:1:143192)
	at t.$S.b (/usr/share/code/resources/app/extensions/emmet/dist/node/emmetNodeMain.js:1:129529)
	at t.$S.provideCompletionItems (/usr/share/code/resources/app/extensions/emmet/dist/node/emmetNodeMain.js:1:128540)
	at ve.provideCompletionItems (/usr/share/code/resources/app/out/vs/workbench/api/node/extensionHostProcess.js:143:53068)
	at /usr/share/code/resources/app/out/vs/workbench/api/node/extensionHostProcess.js:143:74658
	at be.s (/usr/share/code/resources/app/out/vs/workbench/api/node/extensionHostProcess.js:143:66141)
	at be.$provideCompletionItems (/usr/share/code/resources/app/out/vs/workbench/api/node/extensionHostProcess.js:143:74644)
	at l.S (/usr/share/code/resources/app/out/vs/workbench/api/node/extensionHostProcess.js:150:10829)
	at l.Q (/usr/share/code/resources/app/out/vs/workbench/api/node/extensionHostProcess.js:150:10595)
	at l.M (/usr/share/code/resources/app/out/vs/workbench/api/node/extensionHostProcess.js:150:9647)
	at l.L (/usr/share/code/resources/app/out/vs/workbench/api/node/extensionHostProcess.js:150:8764)
	at f.value (/usr/share/code/resources/app/out/vs/workbench/api/node/extensionHostProcess.js:150:7567)
	at n.y (/usr/share/code/resources/app/out/vs/workbench/api/node/extensionHostProcess.js:80:1902)
	at n.fire (/usr/share/code/resources/app/out/vs/workbench/api/node/extensionHostProcess.js:80:2119)
	at o.fire (/usr/share/code/resources/app/out/vs/workbench/api/node/extensionHostProcess.js:103:14039)
	at f.value (/usr/share/code/resources/app/out/vs/workbench/api/node/extensionHostProcess.js:171:7903)
	at n.y (/usr/share/code/resources/app/out/vs/workbench/api/node/extensionHostProcess.js:80:1902)
	at n.fire (/usr/share/code/resources/app/out/vs/workbench/api/node/extensionHostProcess.js:80:2119)
	at o.fire (/usr/share/code/resources/app/out/vs/workbench/api/node/extensionHostProcess.js:103:14039)
	at MessagePortMain.<anonymous> (/usr/share/code/resources/app/out/vs/workbench/api/node/extensionHostProcess.js:171:6183)
	at MessagePortMain.emit (node:events:513:28)
	at MessagePortMain._internalPort.emit (node:electron/js2c/utility_init:2:367)
2024-02-22 02:07:50.809 [error] [vscode.emmet] provider FAILED
2024-02-22 02:07:50.809 [error] Error: Unable to find matching pair for < at char 314
	at r.error (/usr/share/code/resources/app/extensions/emmet/dist/node/emmetNodeMain.js:1:22253)
	at f (/usr/share/code/resources/app/extensions/emmet/dist/node/emmetNodeMain.js:1:21483)
	at u (/usr/share/code/resources/app/extensions/emmet/dist/node/emmetNodeMain.js:1:14498)
	at l (/usr/share/code/resources/app/extensions/emmet/dist/node/emmetNodeMain.js:1:14611)
	at /usr/share/code/resources/app/extensions/emmet/dist/node/emmetNodeMain.js:1:15226
	at m (/usr/share/code/resources/app/extensions/emmet/dist/node/emmetNodeMain.js:1:15333)
	at A (/usr/share/code/resources/app/extensions/emmet/dist/node/emmetNodeMain.js:1:16251)
	at S (/usr/share/code/resources/app/extensions/emmet/dist/node/emmetNodeMain.js:1:16661)
	at t.$b (/usr/share/code/resources/app/extensions/emmet/dist/node/emmetNodeMain.js:1:143192)
	at t.$S.b (/usr/share/code/resources/app/extensions/emmet/dist/node/emmetNodeMain.js:1:129529)
	at t.$S.provideCompletionItems (/usr/share/code/resources/app/extensions/emmet/dist/node/emmetNodeMain.js:1:128540)
	at ve.provideCompletionItems (/usr/share/code/resources/app/out/vs/workbench/api/node/extensionHostProcess.js:143:53068)
	at /usr/share/code/resources/app/out/vs/workbench/api/node/extensionHostProcess.js:143:74658
	at be.s (/usr/share/code/resources/app/out/vs/workbench/api/node/extensionHostProcess.js:143:66141)
	at be.$provideCompletionItems (/usr/share/code/resources/app/out/vs/workbench/api/node/extensionHostProcess.js:143:74644)
	at l.S (/usr/share/code/resources/app/out/vs/workbench/api/node/extensionHostProcess.js:150:10829)
	at l.Q (/usr/share/code/resources/app/out/vs/workbench/api/node/extensionHostProcess.js:150:10595)
	at l.M (/usr/share/code/resources/app/out/vs/workbench/api/node/extensionHostProcess.js:150:9647)
	at l.L (/usr/share/code/resources/app/out/vs/workbench/api/node/extensionHostProcess.js:150:8764)
	at f.value (/usr/share/code/resources/app/out/vs/workbench/api/node/extensionHostProcess.js:150:7567)
	at n.y (/usr/share/code/resources/app/out/vs/workbench/api/node/extensionHostProcess.js:80:1902)
	at n.fire (/usr/share/code/resources/app/out/vs/workbench/api/node/extensionHostProcess.js:80:2119)
	at o.fire (/usr/share/code/resources/app/out/vs/workbench/api/node/extensionHostProcess.js:103:14039)
	at f.value (/usr/share/code/resources/app/out/vs/workbench/api/node/extensionHostProcess.js:171:7903)
	at n.y (/usr/share/code/resources/app/out/vs/workbench/api/node/extensionHostProcess.js:80:1902)
	at n.fire (/usr/share/code/resources/app/out/vs/workbench/api/node/extensionHostProcess.js:80:2119)
	at o.fire (/usr/share/code/resources/app/out/vs/workbench/api/node/extensionHostProcess.js:103:14039)
	at MessagePortMain.<anonymous> (/usr/share/code/resources/app/out/vs/workbench/api/node/extensionHostProcess.js:171:6183)
	at MessagePortMain.emit (node:events:513:28)
	at MessagePortMain._internalPort.emit (node:electron/js2c/utility_init:2:367)
2024-02-22 02:08:03.275 [error] [vscode.emmet] provider FAILED
2024-02-22 02:08:03.275 [error] Error: Unable to find matching pair for < at char 332
	at r.error (/usr/share/code/resources/app/extensions/emmet/dist/node/emmetNodeMain.js:1:22253)
	at f (/usr/share/code/resources/app/extensions/emmet/dist/node/emmetNodeMain.js:1:21483)
	at u (/usr/share/code/resources/app/extensions/emmet/dist/node/emmetNodeMain.js:1:14498)
	at l (/usr/share/code/resources/app/extensions/emmet/dist/node/emmetNodeMain.js:1:14611)
	at /usr/share/code/resources/app/extensions/emmet/dist/node/emmetNodeMain.js:1:15226
	at m (/usr/share/code/resources/app/extensions/emmet/dist/node/emmetNodeMain.js:1:15333)
	at A (/usr/share/code/resources/app/extensions/emmet/dist/node/emmetNodeMain.js:1:16251)
	at S (/usr/share/code/resources/app/extensions/emmet/dist/node/emmetNodeMain.js:1:16661)
	at t.$b (/usr/share/code/resources/app/extensions/emmet/dist/node/emmetNodeMain.js:1:143192)
	at t.$S.b (/usr/share/code/resources/app/extensions/emmet/dist/node/emmetNodeMain.js:1:129529)
	at t.$S.provideCompletionItems (/usr/share/code/resources/app/extensions/emmet/dist/node/emmetNodeMain.js:1:128540)
	at ve.provideCompletionItems (/usr/share/code/resources/app/out/vs/workbench/api/node/extensionHostProcess.js:143:53068)
	at /usr/share/code/resources/app/out/vs/workbench/api/node/extensionHostProcess.js:143:74658
	at be.s (/usr/share/code/resources/app/out/vs/workbench/api/node/extensionHostProcess.js:143:66141)
	at be.$provideCompletionItems (/usr/share/code/resources/app/out/vs/workbench/api/node/extensionHostProcess.js:143:74644)
	at l.S (/usr/share/code/resources/app/out/vs/workbench/api/node/extensionHostProcess.js:150:10829)
	at l.Q (/usr/share/code/resources/app/out/vs/workbench/api/node/extensionHostProcess.js:150:10595)
	at l.M (/usr/share/code/resources/app/out/vs/workbench/api/node/extensionHostProcess.js:150:9647)
	at l.L (/usr/share/code/resources/app/out/vs/workbench/api/node/extensionHostProcess.js:150:8764)
	at f.value (/usr/share/code/resources/app/out/vs/workbench/api/node/extensionHostProcess.js:150:7567)
	at n.y (/usr/share/code/resources/app/out/vs/workbench/api/node/extensionHostProcess.js:80:1902)
	at n.fire (/usr/share/code/resources/app/out/vs/workbench/api/node/extensionHostProcess.js:80:2119)
	at o.fire (/usr/share/code/resources/app/out/vs/workbench/api/node/extensionHostProcess.js:103:14039)
	at f.value (/usr/share/code/resources/app/out/vs/workbench/api/node/extensionHostProcess.js:171:7903)
	at n.y (/usr/share/code/resources/app/out/vs/workbench/api/node/extensionHostProcess.js:80:1902)
	at n.fire (/usr/share/code/resources/app/out/vs/workbench/api/node/extensionHostProcess.js:80:2119)
	at o.fire (/usr/share/code/resources/app/out/vs/workbench/api/node/extensionHostProcess.js:103:14039)
	at MessagePortMain.<anonymous> (/usr/share/code/resources/app/out/vs/workbench/api/node/extensionHostProcess.js:171:6183)
	at MessagePortMain.emit (node:events:513:28)
	at MessagePortMain._internalPort.emit (node:electron/js2c/utility_init:2:367)
2024-02-22 02:08:03.672 [error] [vscode.emmet] provider FAILED
2024-02-22 02:08:03.672 [error] Error: Unable to find matching pair for < at char 333
	at r.error (/usr/share/code/resources/app/extensions/emmet/dist/node/emmetNodeMain.js:1:22253)
	at f (/usr/share/code/resources/app/extensions/emmet/dist/node/emmetNodeMain.js:1:21483)
	at u (/usr/share/code/resources/app/extensions/emmet/dist/node/emmetNodeMain.js:1:14498)
	at l (/usr/share/code/resources/app/extensions/emmet/dist/node/emmetNodeMain.js:1:14611)
	at /usr/share/code/resources/app/extensions/emmet/dist/node/emmetNodeMain.js:1:15226
	at m (/usr/share/code/resources/app/extensions/emmet/dist/node/emmetNodeMain.js:1:15333)
	at A (/usr/share/code/resources/app/extensions/emmet/dist/node/emmetNodeMain.js:1:16251)
	at S (/usr/share/code/resources/app/extensions/emmet/dist/node/emmetNodeMain.js:1:16661)
	at t.$b (/usr/share/code/resources/app/extensions/emmet/dist/node/emmetNodeMain.js:1:143192)
	at t.$S.b (/usr/share/code/resources/app/extensions/emmet/dist/node/emmetNodeMain.js:1:129529)
	at t.$S.provideCompletionItems (/usr/share/code/resources/app/extensions/emmet/dist/node/emmetNodeMain.js:1:128540)
	at ve.provideCompletionItems (/usr/share/code/resources/app/out/vs/workbench/api/node/extensionHostProcess.js:143:53068)
	at /usr/share/code/resources/app/out/vs/workbench/api/node/extensionHostProcess.js:143:74658
	at be.s (/usr/share/code/resources/app/out/vs/workbench/api/node/extensionHostProcess.js:143:66141)
	at be.$provideCompletionItems (/usr/share/code/resources/app/out/vs/workbench/api/node/extensionHostProcess.js:143:74644)
	at l.S (/usr/share/code/resources/app/out/vs/workbench/api/node/extensionHostProcess.js:150:10829)
	at l.Q (/usr/share/code/resources/app/out/vs/workbench/api/node/extensionHostProcess.js:150:10595)
	at l.M (/usr/share/code/resources/app/out/vs/workbench/api/node/extensionHostProcess.js:150:9647)
	at l.L (/usr/share/code/resources/app/out/vs/workbench/api/node/extensionHostProcess.js:150:8764)
	at f.value (/usr/share/code/resources/app/out/vs/workbench/api/node/extensionHostProcess.js:150:7567)
	at n.y (/usr/share/code/resources/app/out/vs/workbench/api/node/extensionHostProcess.js:80:1902)
	at n.fire (/usr/share/code/resources/app/out/vs/workbench/api/node/extensionHostProcess.js:80:2119)
	at o.fire (/usr/share/code/resources/app/out/vs/workbench/api/node/extensionHostProcess.js:103:14039)
	at f.value (/usr/share/code/resources/app/out/vs/workbench/api/node/extensionHostProcess.js:171:7903)
	at n.y (/usr/share/code/resources/app/out/vs/workbench/api/node/extensionHostProcess.js:80:1902)
	at n.fire (/usr/share/code/resources/app/out/vs/workbench/api/node/extensionHostProcess.js:80:2119)
	at o.fire (/usr/share/code/resources/app/out/vs/workbench/api/node/extensionHostProcess.js:103:14039)
	at MessagePortMain.<anonymous> (/usr/share/code/resources/app/out/vs/workbench/api/node/extensionHostProcess.js:171:6183)
	at MessagePortMain.emit (node:events:513:28)
	at MessagePortMain._internalPort.emit (node:electron/js2c/utility_init:2:367)
2024-02-22 02:08:04.024 [error] [vscode.emmet] provider FAILED
2024-02-22 02:08:04.024 [error] Error: Unable to find matching pair for < at char 334
	at r.error (/usr/share/code/resources/app/extensions/emmet/dist/node/emmetNodeMain.js:1:22253)
	at f (/usr/share/code/resources/app/extensions/emmet/dist/node/emmetNodeMain.js:1:21483)
	at u (/usr/share/code/resources/app/extensions/emmet/dist/node/emmetNodeMain.js:1:14498)
	at l (/usr/share/code/resources/app/extensions/emmet/dist/node/emmetNodeMain.js:1:14611)
	at /usr/share/code/resources/app/extensions/emmet/dist/node/emmetNodeMain.js:1:15226
	at m (/usr/share/code/resources/app/extensions/emmet/dist/node/emmetNodeMain.js:1:15333)
	at A (/usr/share/code/resources/app/extensions/emmet/dist/node/emmetNodeMain.js:1:16251)
	at S (/usr/share/code/resources/app/extensions/emmet/dist/node/emmetNodeMain.js:1:16661)
	at t.$b (/usr/share/code/resources/app/extensions/emmet/dist/node/emmetNodeMain.js:1:143192)
	at t.$S.b (/usr/share/code/resources/app/extensions/emmet/dist/node/emmetNodeMain.js:1:129529)
	at t.$S.provideCompletionItems (/usr/share/code/resources/app/extensions/emmet/dist/node/emmetNodeMain.js:1:128540)
	at ve.provideCompletionItems (/usr/share/code/resources/app/out/vs/workbench/api/node/extensionHostProcess.js:143:53068)
	at /usr/share/code/resources/app/out/vs/workbench/api/node/extensionHostProcess.js:143:74658
	at be.s (/usr/share/code/resources/app/out/vs/workbench/api/node/extensionHostProcess.js:143:66141)
	at be.$provideCompletionItems (/usr/share/code/resources/app/out/vs/workbench/api/node/extensionHostProcess.js:143:74644)
	at l.S (/usr/share/code/resources/app/out/vs/workbench/api/node/extensionHostProcess.js:150:10829)
	at l.Q (/usr/share/code/resources/app/out/vs/workbench/api/node/extensionHostProcess.js:150:10595)
	at l.M (/usr/share/code/resources/app/out/vs/workbench/api/node/extensionHostProcess.js:150:9647)
	at l.L (/usr/share/code/resources/app/out/vs/workbench/api/node/extensionHostProcess.js:150:8764)
	at f.value (/usr/share/code/resources/app/out/vs/workbench/api/node/extensionHostProcess.js:150:7567)
	at n.y (/usr/share/code/resources/app/out/vs/workbench/api/node/extensionHostProcess.js:80:1902)
	at n.fire (/usr/share/code/resources/app/out/vs/workbench/api/node/extensionHostProcess.js:80:2119)
	at o.fire (/usr/share/code/resources/app/out/vs/workbench/api/node/extensionHostProcess.js:103:14039)
	at f.value (/usr/share/code/resources/app/out/vs/workbench/api/node/extensionHostProcess.js:171:7903)
	at n.y (/usr/share/code/resources/app/out/vs/workbench/api/node/extensionHostProcess.js:80:1902)
	at n.fire (/usr/share/code/resources/app/out/vs/workbench/api/node/extensionHostProcess.js:80:2119)
	at o.fire (/usr/share/code/resources/app/out/vs/workbench/api/node/extensionHostProcess.js:103:14039)
	at MessagePortMain.<anonymous> (/usr/share/code/resources/app/out/vs/workbench/api/node/extensionHostProcess.js:171:6183)
	at MessagePortMain.emit (node:events:513:28)
	at MessagePortMain._internalPort.emit (node:electron/js2c/utility_init:2:367)
2024-02-22 02:24:28.351 [error] [vscode.emmet] provider FAILED
2024-02-22 02:24:28.352 [error] Error: Unable to find matching pair for < at char 332
	at r.error (/usr/share/code/resources/app/extensions/emmet/dist/node/emmetNodeMain.js:1:22253)
	at f (/usr/share/code/resources/app/extensions/emmet/dist/node/emmetNodeMain.js:1:21483)
	at u (/usr/share/code/resources/app/extensions/emmet/dist/node/emmetNodeMain.js:1:14498)
	at l (/usr/share/code/resources/app/extensions/emmet/dist/node/emmetNodeMain.js:1:14611)
	at /usr/share/code/resources/app/extensions/emmet/dist/node/emmetNodeMain.js:1:15226
	at m (/usr/share/code/resources/app/extensions/emmet/dist/node/emmetNodeMain.js:1:15333)
	at A (/usr/share/code/resources/app/extensions/emmet/dist/node/emmetNodeMain.js:1:16251)
	at S (/usr/share/code/resources/app/extensions/emmet/dist/node/emmetNodeMain.js:1:16661)
	at t.$b (/usr/share/code/resources/app/extensions/emmet/dist/node/emmetNodeMain.js:1:143192)
	at t.$S.b (/usr/share/code/resources/app/extensions/emmet/dist/node/emmetNodeMain.js:1:129529)
	at t.$S.provideCompletionItems (/usr/share/code/resources/app/extensions/emmet/dist/node/emmetNodeMain.js:1:128540)
	at ve.provideCompletionItems (/usr/share/code/resources/app/out/vs/workbench/api/node/extensionHostProcess.js:143:53068)
	at /usr/share/code/resources/app/out/vs/workbench/api/node/extensionHostProcess.js:143:74658
	at be.s (/usr/share/code/resources/app/out/vs/workbench/api/node/extensionHostProcess.js:143:66141)
	at be.$provideCompletionItems (/usr/share/code/resources/app/out/vs/workbench/api/node/extensionHostProcess.js:143:74644)
	at l.S (/usr/share/code/resources/app/out/vs/workbench/api/node/extensionHostProcess.js:150:10829)
	at l.Q (/usr/share/code/resources/app/out/vs/workbench/api/node/extensionHostProcess.js:150:10595)
	at l.M (/usr/share/code/resources/app/out/vs/workbench/api/node/extensionHostProcess.js:150:9647)
	at l.L (/usr/share/code/resources/app/out/vs/workbench/api/node/extensionHostProcess.js:150:8764)
	at f.value (/usr/share/code/resources/app/out/vs/workbench/api/node/extensionHostProcess.js:150:7567)
	at n.y (/usr/share/code/resources/app/out/vs/workbench/api/node/extensionHostProcess.js:80:1902)
	at n.fire (/usr/share/code/resources/app/out/vs/workbench/api/node/extensionHostProcess.js:80:2119)
	at o.fire (/usr/share/code/resources/app/out/vs/workbench/api/node/extensionHostProcess.js:103:14039)
	at f.value (/usr/share/code/resources/app/out/vs/workbench/api/node/extensionHostProcess.js:171:7903)
	at n.y (/usr/share/code/resources/app/out/vs/workbench/api/node/extensionHostProcess.js:80:1902)
	at n.fire (/usr/share/code/resources/app/out/vs/workbench/api/node/extensionHostProcess.js:80:2119)
	at o.fire (/usr/share/code/resources/app/out/vs/workbench/api/node/extensionHostProcess.js:103:14039)
	at MessagePortMain.<anonymous> (/usr/share/code/resources/app/out/vs/workbench/api/node/extensionHostProcess.js:171:6183)
	at MessagePortMain.emit (node:events:513:28)
	at MessagePortMain._internalPort.emit (node:electron/js2c/utility_init:2:367)
2024-02-22 02:24:28.769 [error] [vscode.emmet] provider FAILED
2024-02-22 02:24:28.769 [error] Error: Unable to find matching pair for < at char 333
	at r.error (/usr/share/code/resources/app/extensions/emmet/dist/node/emmetNodeMain.js:1:22253)
	at f (/usr/share/code/resources/app/extensions/emmet/dist/node/emmetNodeMain.js:1:21483)
	at u (/usr/share/code/resources/app/extensions/emmet/dist/node/emmetNodeMain.js:1:14498)
	at l (/usr/share/code/resources/app/extensions/emmet/dist/node/emmetNodeMain.js:1:14611)
	at /usr/share/code/resources/app/extensions/emmet/dist/node/emmetNodeMain.js:1:15226
	at m (/usr/share/code/resources/app/extensions/emmet/dist/node/emmetNodeMain.js:1:15333)
	at A (/usr/share/code/resources/app/extensions/emmet/dist/node/emmetNodeMain.js:1:16251)
	at S (/usr/share/code/resources/app/extensions/emmet/dist/node/emmetNodeMain.js:1:16661)
	at t.$b (/usr/share/code/resources/app/extensions/emmet/dist/node/emmetNodeMain.js:1:143192)
	at t.$S.b (/usr/share/code/resources/app/extensions/emmet/dist/node/emmetNodeMain.js:1:129529)
	at t.$S.provideCompletionItems (/usr/share/code/resources/app/extensions/emmet/dist/node/emmetNodeMain.js:1:128540)
	at ve.provideCompletionItems (/usr/share/code/resources/app/out/vs/workbench/api/node/extensionHostProcess.js:143:53068)
	at /usr/share/code/resources/app/out/vs/workbench/api/node/extensionHostProcess.js:143:74658
	at be.s (/usr/share/code/resources/app/out/vs/workbench/api/node/extensionHostProcess.js:143:66141)
	at be.$provideCompletionItems (/usr/share/code/resources/app/out/vs/workbench/api/node/extensionHostProcess.js:143:74644)
	at l.S (/usr/share/code/resources/app/out/vs/workbench/api/node/extensionHostProcess.js:150:10829)
	at l.Q (/usr/share/code/resources/app/out/vs/workbench/api/node/extensionHostProcess.js:150:10595)
	at l.M (/usr/share/code/resources/app/out/vs/workbench/api/node/extensionHostProcess.js:150:9647)
	at l.L (/usr/share/code/resources/app/out/vs/workbench/api/node/extensionHostProcess.js:150:8764)
	at f.value (/usr/share/code/resources/app/out/vs/workbench/api/node/extensionHostProcess.js:150:7567)
	at n.y (/usr/share/code/resources/app/out/vs/workbench/api/node/extensionHostProcess.js:80:1902)
	at n.fire (/usr/share/code/resources/app/out/vs/workbench/api/node/extensionHostProcess.js:80:2119)
	at o.fire (/usr/share/code/resources/app/out/vs/workbench/api/node/extensionHostProcess.js:103:14039)
	at f.value (/usr/share/code/resources/app/out/vs/workbench/api/node/extensionHostProcess.js:171:7903)
	at n.y (/usr/share/code/resources/app/out/vs/workbench/api/node/extensionHostProcess.js:80:1902)
	at n.fire (/usr/share/code/resources/app/out/vs/workbench/api/node/extensionHostProcess.js:80:2119)
	at o.fire (/usr/share/code/resources/app/out/vs/workbench/api/node/extensionHostProcess.js:103:14039)
	at MessagePortMain.<anonymous> (/usr/share/code/resources/app/out/vs/workbench/api/node/extensionHostProcess.js:171:6183)
	at MessagePortMain.emit (node:events:513:28)
	at MessagePortMain._internalPort.emit (node:electron/js2c/utility_init:2:367)
2024-02-22 02:24:29.074 [error] [vscode.emmet] provider FAILED
2024-02-22 02:24:29.074 [error] Error: Unable to find matching pair for < at char 334
	at r.error (/usr/share/code/resources/app/extensions/emmet/dist/node/emmetNodeMain.js:1:22253)
	at f (/usr/share/code/resources/app/extensions/emmet/dist/node/emmetNodeMain.js:1:21483)
	at u (/usr/share/code/resources/app/extensions/emmet/dist/node/emmetNodeMain.js:1:14498)
	at l (/usr/share/code/resources/app/extensions/emmet/dist/node/emmetNodeMain.js:1:14611)
	at /usr/share/code/resources/app/extensions/emmet/dist/node/emmetNodeMain.js:1:15226
	at m (/usr/share/code/resources/app/extensions/emmet/dist/node/emmetNodeMain.js:1:15333)
	at A (/usr/share/code/resources/app/extensions/emmet/dist/node/emmetNodeMain.js:1:16251)
	at S (/usr/share/code/resources/app/extensions/emmet/dist/node/emmetNodeMain.js:1:16661)
	at t.$b (/usr/share/code/resources/app/extensions/emmet/dist/node/emmetNodeMain.js:1:143192)
	at t.$S.b (/usr/share/code/resources/app/extensions/emmet/dist/node/emmetNodeMain.js:1:129529)
	at t.$S.provideCompletionItems (/usr/share/code/resources/app/extensions/emmet/dist/node/emmetNodeMain.js:1:128540)
	at ve.provideCompletionItems (/usr/share/code/resources/app/out/vs/workbench/api/node/extensionHostProcess.js:143:53068)
	at /usr/share/code/resources/app/out/vs/workbench/api/node/extensionHostProcess.js:143:74658
	at be.s (/usr/share/code/resources/app/out/vs/workbench/api/node/extensionHostProcess.js:143:66141)
	at be.$provideCompletionItems (/usr/share/code/resources/app/out/vs/workbench/api/node/extensionHostProcess.js:143:74644)
	at l.S (/usr/share/code/resources/app/out/vs/workbench/api/node/extensionHostProcess.js:150:10829)
	at l.Q (/usr/share/code/resources/app/out/vs/workbench/api/node/extensionHostProcess.js:150:10595)
	at l.M (/usr/share/code/resources/app/out/vs/workbench/api/node/extensionHostProcess.js:150:9647)
	at l.L (/usr/share/code/resources/app/out/vs/workbench/api/node/extensionHostProcess.js:150:8764)
	at f.value (/usr/share/code/resources/app/out/vs/workbench/api/node/extensionHostProcess.js:150:7567)
	at n.y (/usr/share/code/resources/app/out/vs/workbench/api/node/extensionHostProcess.js:80:1902)
	at n.fire (/usr/share/code/resources/app/out/vs/workbench/api/node/extensionHostProcess.js:80:2119)
	at o.fire (/usr/share/code/resources/app/out/vs/workbench/api/node/extensionHostProcess.js:103:14039)
	at f.value (/usr/share/code/resources/app/out/vs/workbench/api/node/extensionHostProcess.js:171:7903)
	at n.y (/usr/share/code/resources/app/out/vs/workbench/api/node/extensionHostProcess.js:80:1902)
	at n.fire (/usr/share/code/resources/app/out/vs/workbench/api/node/extensionHostProcess.js:80:2119)
	at o.fire (/usr/share/code/resources/app/out/vs/workbench/api/node/extensionHostProcess.js:103:14039)
	at MessagePortMain.<anonymous> (/usr/share/code/resources/app/out/vs/workbench/api/node/extensionHostProcess.js:171:6183)
	at MessagePortMain.emit (node:events:513:28)
	at MessagePortMain._internalPort.emit (node:electron/js2c/utility_init:2:367)
2024-02-22 02:24:46.900 [error] [vscode.emmet] provider FAILED
2024-02-22 02:24:46.901 [error] Error: Unable to find matching pair for < at char 339
	at r.error (/usr/share/code/resources/app/extensions/emmet/dist/node/emmetNodeMain.js:1:22253)
	at f (/usr/share/code/resources/app/extensions/emmet/dist/node/emmetNodeMain.js:1:21483)
	at u (/usr/share/code/resources/app/extensions/emmet/dist/node/emmetNodeMain.js:1:14498)
	at l (/usr/share/code/resources/app/extensions/emmet/dist/node/emmetNodeMain.js:1:14611)
	at /usr/share/code/resources/app/extensions/emmet/dist/node/emmetNodeMain.js:1:15226
	at m (/usr/share/code/resources/app/extensions/emmet/dist/node/emmetNodeMain.js:1:15333)
	at A (/usr/share/code/resources/app/extensions/emmet/dist/node/emmetNodeMain.js:1:16251)
	at S (/usr/share/code/resources/app/extensions/emmet/dist/node/emmetNodeMain.js:1:16661)
	at t.$b (/usr/share/code/resources/app/extensions/emmet/dist/node/emmetNodeMain.js:1:143192)
	at t.$S.b (/usr/share/code/resources/app/extensions/emmet/dist/node/emmetNodeMain.js:1:129529)
	at t.$S.provideCompletionItems (/usr/share/code/resources/app/extensions/emmet/dist/node/emmetNodeMain.js:1:128540)
	at ve.provideCompletionItems (/usr/share/code/resources/app/out/vs/workbench/api/node/extensionHostProcess.js:143:53068)
	at /usr/share/code/resources/app/out/vs/workbench/api/node/extensionHostProcess.js:143:74658
	at be.s (/usr/share/code/resources/app/out/vs/workbench/api/node/extensionHostProcess.js:143:66141)
	at be.$provideCompletionItems (/usr/share/code/resources/app/out/vs/workbench/api/node/extensionHostProcess.js:143:74644)
	at l.S (/usr/share/code/resources/app/out/vs/workbench/api/node/extensionHostProcess.js:150:10829)
	at l.Q (/usr/share/code/resources/app/out/vs/workbench/api/node/extensionHostProcess.js:150:10595)
	at l.M (/usr/share/code/resources/app/out/vs/workbench/api/node/extensionHostProcess.js:150:9647)
	at l.L (/usr/share/code/resources/app/out/vs/workbench/api/node/extensionHostProcess.js:150:8764)
	at f.value (/usr/share/code/resources/app/out/vs/workbench/api/node/extensionHostProcess.js:150:7567)
	at n.y (/usr/share/code/resources/app/out/vs/workbench/api/node/extensionHostProcess.js:80:1902)
	at n.fire (/usr/share/code/resources/app/out/vs/workbench/api/node/extensionHostProcess.js:80:2119)
	at o.fire (/usr/share/code/resources/app/out/vs/workbench/api/node/extensionHostProcess.js:103:14039)
	at f.value (/usr/share/code/resources/app/out/vs/workbench/api/node/extensionHostProcess.js:171:7903)
	at n.y (/usr/share/code/resources/app/out/vs/workbench/api/node/extensionHostProcess.js:80:1902)
	at n.fire (/usr/share/code/resources/app/out/vs/workbench/api/node/extensionHostProcess.js:80:2119)
	at o.fire (/usr/share/code/resources/app/out/vs/workbench/api/node/extensionHostProcess.js:103:14039)
	at MessagePortMain.<anonymous> (/usr/share/code/resources/app/out/vs/workbench/api/node/extensionHostProcess.js:171:6183)
	at MessagePortMain.emit (node:events:513:28)
	at MessagePortMain._internalPort.emit (node:electron/js2c/utility_init:2:367)
2024-02-22 02:24:56.105 [error] [vscode.emmet] provider FAILED
2024-02-22 02:24:56.105 [error] Error: Unable to find matching pair for < at char 344
	at r.error (/usr/share/code/resources/app/extensions/emmet/dist/node/emmetNodeMain.js:1:22253)
	at f (/usr/share/code/resources/app/extensions/emmet/dist/node/emmetNodeMain.js:1:21483)
	at u (/usr/share/code/resources/app/extensions/emmet/dist/node/emmetNodeMain.js:1:14498)
	at l (/usr/share/code/resources/app/extensions/emmet/dist/node/emmetNodeMain.js:1:14611)
	at /usr/share/code/resources/app/extensions/emmet/dist/node/emmetNodeMain.js:1:15226
	at m (/usr/share/code/resources/app/extensions/emmet/dist/node/emmetNodeMain.js:1:15333)
	at A (/usr/share/code/resources/app/extensions/emmet/dist/node/emmetNodeMain.js:1:16251)
	at S (/usr/share/code/resources/app/extensions/emmet/dist/node/emmetNodeMain.js:1:16661)
	at t.$b (/usr/share/code/resources/app/extensions/emmet/dist/node/emmetNodeMain.js:1:143192)
	at t.$S.b (/usr/share/code/resources/app/extensions/emmet/dist/node/emmetNodeMain.js:1:129529)
	at t.$S.provideCompletionItems (/usr/share/code/resources/app/extensions/emmet/dist/node/emmetNodeMain.js:1:128540)
	at ve.provideCompletionItems (/usr/share/code/resources/app/out/vs/workbench/api/node/extensionHostProcess.js:143:53068)
	at /usr/share/code/resources/app/out/vs/workbench/api/node/extensionHostProcess.js:143:74658
	at be.s (/usr/share/code/resources/app/out/vs/workbench/api/node/extensionHostProcess.js:143:66141)
	at be.$provideCompletionItems (/usr/share/code/resources/app/out/vs/workbench/api/node/extensionHostProcess.js:143:74644)
	at l.S (/usr/share/code/resources/app/out/vs/workbench/api/node/extensionHostProcess.js:150:10829)
	at l.Q (/usr/share/code/resources/app/out/vs/workbench/api/node/extensionHostProcess.js:150:10595)
	at l.M (/usr/share/code/resources/app/out/vs/workbench/api/node/extensionHostProcess.js:150:9647)
	at l.L (/usr/share/code/resources/app/out/vs/workbench/api/node/extensionHostProcess.js:150:8764)
	at f.value (/usr/share/code/resources/app/out/vs/workbench/api/node/extensionHostProcess.js:150:7567)
	at n.y (/usr/share/code/resources/app/out/vs/workbench/api/node/extensionHostProcess.js:80:1902)
	at n.fire (/usr/share/code/resources/app/out/vs/workbench/api/node/extensionHostProcess.js:80:2119)
	at o.fire (/usr/share/code/resources/app/out/vs/workbench/api/node/extensionHostProcess.js:103:14039)
	at f.value (/usr/share/code/resources/app/out/vs/workbench/api/node/extensionHostProcess.js:171:7903)
	at n.y (/usr/share/code/resources/app/out/vs/workbench/api/node/extensionHostProcess.js:80:1902)
	at n.fire (/usr/share/code/resources/app/out/vs/workbench/api/node/extensionHostProcess.js:80:2119)
	at o.fire (/usr/share/code/resources/app/out/vs/workbench/api/node/extensionHostProcess.js:103:14039)
	at MessagePortMain.<anonymous> (/usr/share/code/resources/app/out/vs/workbench/api/node/extensionHostProcess.js:171:6183)
	at MessagePortMain.emit (node:events:513:28)
	at MessagePortMain._internalPort.emit (node:electron/js2c/utility_init:2:367)
2024-02-22 02:24:59.968 [error] [vscode.emmet] provider FAILED
2024-02-22 02:24:59.968 [error] Error: Unable to find matching pair for < at char 347
	at r.error (/usr/share/code/resources/app/extensions/emmet/dist/node/emmetNodeMain.js:1:22253)
	at f (/usr/share/code/resources/app/extensions/emmet/dist/node/emmetNodeMain.js:1:21483)
	at u (/usr/share/code/resources/app/extensions/emmet/dist/node/emmetNodeMain.js:1:14498)
	at l (/usr/share/code/resources/app/extensions/emmet/dist/node/emmetNodeMain.js:1:14611)
	at /usr/share/code/resources/app/extensions/emmet/dist/node/emmetNodeMain.js:1:15226
	at m (/usr/share/code/resources/app/extensions/emmet/dist/node/emmetNodeMain.js:1:15333)
	at A (/usr/share/code/resources/app/extensions/emmet/dist/node/emmetNodeMain.js:1:16251)
	at S (/usr/share/code/resources/app/extensions/emmet/dist/node/emmetNodeMain.js:1:16661)
	at t.$b (/usr/share/code/resources/app/extensions/emmet/dist/node/emmetNodeMain.js:1:143192)
	at t.$S.b (/usr/share/code/resources/app/extensions/emmet/dist/node/emmetNodeMain.js:1:129529)
	at t.$S.provideCompletionItems (/usr/share/code/resources/app/extensions/emmet/dist/node/emmetNodeMain.js:1:128540)
	at ve.provideCompletionItems (/usr/share/code/resources/app/out/vs/workbench/api/node/extensionHostProcess.js:143:53068)
	at /usr/share/code/resources/app/out/vs/workbench/api/node/extensionHostProcess.js:143:74658
	at be.s (/usr/share/code/resources/app/out/vs/workbench/api/node/extensionHostProcess.js:143:66141)
	at be.$provideCompletionItems (/usr/share/code/resources/app/out/vs/workbench/api/node/extensionHostProcess.js:143:74644)
	at l.S (/usr/share/code/resources/app/out/vs/workbench/api/node/extensionHostProcess.js:150:10829)
	at l.Q (/usr/share/code/resources/app/out/vs/workbench/api/node/extensionHostProcess.js:150:10595)
	at l.M (/usr/share/code/resources/app/out/vs/workbench/api/node/extensionHostProcess.js:150:9647)
	at l.L (/usr/share/code/resources/app/out/vs/workbench/api/node/extensionHostProcess.js:150:8764)
	at f.value (/usr/share/code/resources/app/out/vs/workbench/api/node/extensionHostProcess.js:150:7567)
	at n.y (/usr/share/code/resources/app/out/vs/workbench/api/node/extensionHostProcess.js:80:1902)
	at n.fire (/usr/share/code/resources/app/out/vs/workbench/api/node/extensionHostProcess.js:80:2119)
	at o.fire (/usr/share/code/resources/app/out/vs/workbench/api/node/extensionHostProcess.js:103:14039)
	at f.value (/usr/share/code/resources/app/out/vs/workbench/api/node/extensionHostProcess.js:171:7903)
	at n.y (/usr/share/code/resources/app/out/vs/workbench/api/node/extensionHostProcess.js:80:1902)
	at n.fire (/usr/share/code/resources/app/out/vs/workbench/api/node/extensionHostProcess.js:80:2119)
	at o.fire (/usr/share/code/resources/app/out/vs/workbench/api/node/extensionHostProcess.js:103:14039)
	at MessagePortMain.<anonymous> (/usr/share/code/resources/app/out/vs/workbench/api/node/extensionHostProcess.js:171:6183)
	at MessagePortMain.emit (node:events:513:28)
	at MessagePortMain._internalPort.emit (node:electron/js2c/utility_init:2:367)
2024-02-22 02:25:31.805 [info] ExtensionService#_doActivateExtension vscode.json-language-features, startup: false, activationEvent: 'onLanguage:jsonc'
2024-02-22 02:25:31.825 [info] ExtensionService#_doActivateExtension vscode.typescript-language-features, startup: false, activationEvent: 'onLanguage:jsonc'
2024-02-22 04:34:10.490 [info] ExtensionService#_doActivateExtension vscode.css-language-features, startup: false, activationEvent: 'onLanguage:css'
2024-02-22 05:25:18.218 [info] ExtensionService#_doActivateExtension vscode.npm, startup: false, activationEvent: 'onTerminalQuickFixRequest:ms-vscode.npm-command'
2024-02-22 05:53:13.461 [error] Error: Repository not initialized
	at M.db (/usr/share/code/resources/app/extensions/git/dist/main.js:2:992836)
	at M.status (/usr/share/code/resources/app/extensions/git/dist/main.js:2:975215)
	at M.o (/usr/share/code/resources/app/extensions/git/dist/main.js:2:874868)
	at /usr/share/code/resources/app/extensions/git/dist/main.js:2:874833
	at async /usr/share/code/resources/app/extensions/github/dist/extension.js:2:322796
