2024-02-20 23:55:50.552 [info] Log level: Info
2024-02-20 23:55:50.552 [info] Validating found git in: "git"
2024-02-20 23:55:50.552 [info] Using git "2.34.1" from "git"
2024-02-20 23:55:50.552 [info] > git rev-parse --show-toplevel [9ms]
2024-02-20 23:55:50.552 [info] > git rev-parse --git-dir --git-common-dir [2ms]
2024-02-20 23:55:50.552 [info] Open repository: /home/student/Documents/forms
2024-02-20 23:55:50.554 [info] > git rev-parse --show-toplevel [11ms]
2024-02-20 23:55:50.555 [info] > git config --get commit.template [17ms]
2024-02-20 23:55:50.579 [info] > git rev-parse --show-toplevel [12ms]
2024-02-20 23:55:50.584 [info] > git for-each-ref --format=%(refname)%00%(upstream:short)%00%(objectname)%00%(upstream:track)%00%(upstream:remotename)%00%(upstream:remoteref) refs/heads/master refs/remotes/master [8ms]
2024-02-20 23:55:50.599 [info] > git status -z -uall [4ms]
2024-02-20 23:55:50.620 [info] > git config --get commit.template [3ms]
2024-02-20 23:55:50.666 [info] > git for-each-ref --format=%(refname)%00%(upstream:short)%00%(objectname)%00%(upstream:track)%00%(upstream:remotename)%00%(upstream:remoteref) refs/heads/master refs/remotes/master [34ms]
2024-02-20 23:55:50.694 [info] > git status -z -uall [8ms]
2024-02-20 23:55:51.028 [info] > git show --textconv :forms/index.html [8ms]
2024-02-20 23:55:51.029 [info] > git ls-files --stage -- /home/student/Documents/forms/forms/index.html [2ms]
2024-02-20 23:55:51.037 [info] > git cat-file -s f076092561d65d0491fffdf79e198455c9c43945 [1ms]
2024-02-20 23:55:51.096 [info] > git check-ignore -v -z --stdin [3ms]
2024-02-21 01:00:16.036 [info] > git show --textconv :forms/index2.html [6ms]
2024-02-21 01:00:16.038 [info] > git ls-files --stage -- /home/student/Documents/forms/forms/index2.html [2ms]
2024-02-21 01:00:16.045 [info] > git cat-file -s 23f79fbbca71bca247ecffbd5f5f8814f078c56d [2ms]
2024-02-21 01:00:18.088 [info] > git show --textconv :forms/index.html [7ms]
2024-02-21 01:00:18.089 [info] > git ls-files --stage -- /home/student/Documents/forms/forms/index.html [2ms]
2024-02-21 01:00:18.095 [info] > git cat-file -s f076092561d65d0491fffdf79e198455c9c43945 [1ms]
2024-02-21 07:56:38.350 [info] > git config --get commit.template [9ms]
2024-02-21 07:56:38.351 [info] > git for-each-ref --format=%(refname)%00%(upstream:short)%00%(objectname)%00%(upstream:track)%00%(upstream:remotename)%00%(upstream:remoteref) refs/heads/master refs/remotes/master [1ms]
2024-02-21 07:56:38.359 [info] > git status -z -uall [2ms]
2024-02-21 08:08:40.194 [info] > git show --textconv :forms/index3.html [8ms]
2024-02-21 08:08:40.195 [info] > git ls-files --stage -- /home/student/Documents/forms/forms/index3.html [2ms]
2024-02-21 08:08:40.202 [info] > git cat-file -s 9a9e42779ac87dcad3e9a2b3d7b0cc347fda9b84 [2ms]
