2024-02-21 22:41:11.445 [info] Log level: Info
2024-02-21 22:41:11.445 [info] Validating found git in: "git"
2024-02-21 22:41:11.445 [info] Using git "2.34.1" from "git"
2024-02-21 22:41:11.503 [info] > git rev-parse --show-toplevel [36ms]
2024-02-21 22:41:11.654 [info] > git rev-parse --git-dir --git-common-dir [23ms]
2024-02-21 22:41:11.670 [info] Open repository: /home/student/Documents/forms
2024-02-21 22:41:11.720 [info] > git rev-parse --show-toplevel [22ms]
2024-02-21 22:41:11.721 [info] > git config --get commit.template [34ms]
2024-02-21 22:41:11.796 [info] > git rev-parse --show-toplevel [63ms]
2024-02-21 22:41:11.807 [info] > git for-each-ref --format=%(refname)%00%(upstream:short)%00%(objectname)%00%(upstream:track)%00%(upstream:remotename)%00%(upstream:remoteref) refs/heads/master refs/remotes/master [18ms]
2024-02-21 22:41:11.844 [info] > git status -z -uall [21ms]
2024-02-21 22:41:11.928 [info] > git config --get commit.template [45ms]
2024-02-21 22:41:12.000 [info] > git for-each-ref --format=%(refname)%00%(upstream:short)%00%(objectname)%00%(upstream:track)%00%(upstream:remotename)%00%(upstream:remoteref) refs/heads/master refs/remotes/master [74ms]
2024-02-21 22:41:12.065 [info] > git status -z -uall [36ms]
2024-02-21 22:41:12.329 [info] > git check-ignore -v -z --stdin [4ms]
2024-02-21 22:41:12.466 [info] > git show --textconv :forms/index.html [9ms]
2024-02-21 22:41:12.473 [info] > git ls-files --stage -- /home/student/Documents/forms/forms/index.html [9ms]
2024-02-21 22:41:12.489 [info] > git cat-file -s f076092561d65d0491fffdf79e198455c9c43945 [4ms]
2024-02-22 04:57:58.451 [info] > git check-ignore -v -z --stdin [9ms]
2024-02-22 04:57:58.453 [info] > git config --get commit.template [1ms]
2024-02-22 04:57:58.464 [info] > git for-each-ref --format=%(refname)%00%(upstream:short)%00%(objectname)%00%(upstream:track)%00%(upstream:remotename)%00%(upstream:remoteref) refs/heads/master refs/remotes/master [2ms]
2024-02-22 04:57:58.476 [info] > git status -z -uall [4ms]
2024-02-22 04:58:04.446 [info] > git config --get commit.template [11ms]
2024-02-22 04:58:04.447 [info] > git for-each-ref --format=%(refname)%00%(upstream:short)%00%(objectname)%00%(upstream:track)%00%(upstream:remotename)%00%(upstream:remoteref) refs/heads/master refs/remotes/master [1ms]
2024-02-22 04:58:04.456 [info] > git status -z -uall [2ms]
